<?xml version="1.0" encoding="UTF-8"?>
<testng-results total="0" passed="0" failed="0" skipped="0">
  <reporter-output>
  </reporter-output>
  <suite started-at="2018-03-16T16:53:39Z" name="com.webservices.WebServices.AppTest" finished-at="2018-03-16T16:53:39Z" duration-ms="8">
    <groups>
    </groups>
    <test started-at="2018-03-16T16:53:39Z" name="Command line test" finished-at="2018-03-16T16:53:39Z" duration-ms="8">
    </test> <!-- Command line test -->
  </suite> <!-- com.webservices.WebServices.AppTest -->
</testng-results>
